<?xml version="1.0" encoding="UTF-8"?>
<!-- Generated by org.testng.reporters.JUnitXMLReporter -->
<testsuite ignored="4" hostname="DESKTOP-8Q4D43U" failures="0" tests="0" time="0.035" errors="0" timestamp="2022-11-20T00:05:32 IST">
  <testcase classname="com.testng.annota.Adactin_testNg" name="refreshh" time="0.0">
    <ignored/>
  </testcase> <!-- refreshh -->
  <testcase classname="com.testng.annota.Adactin_testNg" name="select" time="0.0">
    <ignored/>
  </testcase> <!-- select -->
  <testcase classname="com.testng.annota.Adactin_testNg" name="password" time="0.0">
    <ignored/>
  </testcase> <!-- password -->
  <testcase classname="com.testng.annota.Adactin_testNg" name="username" time="0.0">
    <ignored/>
  </testcase> <!-- username -->
</testsuite>
