<?xml version="1.0" encoding="UTF-8"?>
<testng-results ignored="0" total="5" passed="4" failed="1" skipped="0">
  <reporter-output>
  </reporter-output>
  <suite started-at="2022-11-20T01:17:29 IST" name="Default suite" finished-at="2022-11-20T01:17:38 IST" duration-ms="9497">
    <groups>
    </groups>
    <test started-at="2022-11-20T01:17:29 IST" name="Default test" finished-at="2022-11-20T01:17:38 IST" duration-ms="9497">
      <class name="com.testng.annota.Adactin_testNg">
        <test-method is-config="true" signature="launch()[pri:0, instance:com.testng.annota.Adactin_testNg@53bf7094]" started-at="2022-11-20T01:17:29 IST" name="launch" finished-at="2022-11-20T01:17:31 IST" duration-ms="2232" status="PASS">
          <reporter-output>
          </reporter-output>
        </test-method> <!-- launch -->
        <test-method signature="refreshh()[pri:-2, instance:com.testng.annota.Adactin_testNg@53bf7094]" started-at="2022-11-20T01:17:31 IST" name="refreshh" finished-at="2022-11-20T01:17:32 IST" duration-ms="399" status="PASS">
          <reporter-output>
          </reporter-output>
        </test-method> <!-- refreshh -->
        <test-method signature="refreshh()[pri:-2, instance:com.testng.annota.Adactin_testNg@53bf7094]" started-at="2022-11-20T01:17:32 IST" name="refreshh" finished-at="2022-11-20T01:17:32 IST" duration-ms="222" status="PASS">
          <reporter-output>
          </reporter-output>
        </test-method> <!-- refreshh -->
        <test-method signature="select()[pri:0, instance:com.testng.annota.Adactin_testNg@53bf7094]" started-at="2022-11-20T01:17:32 IST" name="select" description="Hotel booked" finished-at="2022-11-20T01:17:37 IST" duration-ms="5079" status="FAIL">
          <exception class="org.openqa.selenium.NoSuchElementException">
            <message>
              <![CDATA[no such element: Unable to locate element: {"method":"xpath","selector":"//select[@name='location']"}
  (Session info: chrome=107.0.5304.107)
For documentation on this error, please visit: https://www.seleniumhq.org/exceptions/no_such_element.html
Build info: version: '3.141.59', revision: 'e82be7d358', time: '2018-11-14T08:17:03'
System info: host: 'DESKTOP-8Q4D43U', ip: '192.168.1.8', os.name: 'Windows 10', os.arch: 'amd64', os.version: '10.0', java.version: '17.0.3'
Driver info: org.openqa.selenium.chrome.ChromeDriver
Capabilities {acceptInsecureCerts: false, browserName: chrome, browserVersion: 107.0.5304.107, chrome: {chromedriverVersion: 107.0.5304.62 (1eec40d3a576..., userDataDir: C:\Users\Priya\AppData\Loca...}, goog:chromeOptions: {debuggerAddress: localhost:52438}, javascriptEnabled: true, networkConnectionEnabled: false, pageLoadStrategy: normal, platform: WINDOWS, platformName: WINDOWS, proxy: Proxy(), setWindowRect: true, strictFileInteractability: false, timeouts: {implicit: 0, pageLoad: 300000, script: 30000}, unhandledPromptBehavior: dismiss and notify, webauthn:extension:credBlob: true, webauthn:extension:largeBlob: true, webauthn:virtualAuthenticators: true}
Session ID: 3ee06818c6c0278058605895c7e08c9e
*** Element info: {Using=xpath, value=//select[@name='location']}]]>
            </message>
            <full-stacktrace>
              <![CDATA[org.openqa.selenium.NoSuchElementException: no such element: Unable to locate element: {"method":"xpath","selector":"//select[@name='location']"}
  (Session info: chrome=107.0.5304.107)
For documentation on this error, please visit: https://www.seleniumhq.org/exceptions/no_such_element.html
Build info: version: '3.141.59', revision: 'e82be7d358', time: '2018-11-14T08:17:03'
System info: host: 'DESKTOP-8Q4D43U', ip: '192.168.1.8', os.name: 'Windows 10', os.arch: 'amd64', os.version: '10.0', java.version: '17.0.3'
Driver info: org.openqa.selenium.chrome.ChromeDriver
Capabilities {acceptInsecureCerts: false, browserName: chrome, browserVersion: 107.0.5304.107, chrome: {chromedriverVersion: 107.0.5304.62 (1eec40d3a576..., userDataDir: C:\Users\Priya\AppData\Loca...}, goog:chromeOptions: {debuggerAddress: localhost:52438}, javascriptEnabled: true, networkConnectionEnabled: false, pageLoadStrategy: normal, platform: WINDOWS, platformName: WINDOWS, proxy: Proxy(), setWindowRect: true, strictFileInteractability: false, timeouts: {implicit: 0, pageLoad: 300000, script: 30000}, unhandledPromptBehavior: dismiss and notify, webauthn:extension:credBlob: true, webauthn:extension:largeBlob: true, webauthn:virtualAuthenticators: true}
Session ID: 3ee06818c6c0278058605895c7e08c9e
*** Element info: {Using=xpath, value=//select[@name='location']}
at java.base/jdk.internal.reflect.NativeConstructorAccessorImpl.newInstance0(Native Method)
at java.base/jdk.internal.reflect.NativeConstructorAccessorImpl.newInstance(NativeConstructorAccessorImpl.java:77)
at java.base/jdk.internal.reflect.DelegatingConstructorAccessorImpl.newInstance(DelegatingConstructorAccessorImpl.java:45)
at java.base/java.lang.reflect.Constructor.newInstanceWithCaller(Constructor.java:499)
at java.base/java.lang.reflect.Constructor.newInstance(Constructor.java:480)
at org.openqa.selenium.remote.http.W3CHttpResponseCodec.createException(W3CHttpResponseCodec.java:187)
at org.openqa.selenium.remote.http.W3CHttpResponseCodec.decode(W3CHttpResponseCodec.java:122)
at org.openqa.selenium.remote.http.W3CHttpResponseCodec.decode(W3CHttpResponseCodec.java:49)
at org.openqa.selenium.remote.HttpCommandExecutor.execute(HttpCommandExecutor.java:158)
at org.openqa.selenium.remote.service.DriverCommandExecutor.execute(DriverCommandExecutor.java:83)
at org.openqa.selenium.remote.RemoteWebDriver.execute(RemoteWebDriver.java:552)
at org.openqa.selenium.remote.RemoteWebDriver.findElement(RemoteWebDriver.java:323)
at org.openqa.selenium.remote.RemoteWebDriver.findElementByXPath(RemoteWebDriver.java:428)
at org.openqa.selenium.By$ByXPath.findElement(By.java:353)
at org.openqa.selenium.remote.RemoteWebDriver.findElement(RemoteWebDriver.java:315)
at org.openqa.selenium.support.pagefactory.DefaultElementLocator.findElement(DefaultElementLocator.java:69)
at org.openqa.selenium.support.pagefactory.internal.LocatingElementHandler.invoke(LocatingElementHandler.java:38)
at jdk.proxy2/jdk.proxy2.$Proxy14.getTagName(Unknown Source)
at org.openqa.selenium.support.ui.Select.<init>(Select.java:45)
at base_Class.Utility_Files.select_index(Utility_Files.java:98)
at com.testng.annota.Adactin_testNg.select(Adactin_testNg.java:47)
at java.base/jdk.internal.reflect.NativeMethodAccessorImpl.invoke0(Native Method)
at java.base/jdk.internal.reflect.NativeMethodAccessorImpl.invoke(NativeMethodAccessorImpl.java:77)
at java.base/jdk.internal.reflect.DelegatingMethodAccessorImpl.invoke(DelegatingMethodAccessorImpl.java:43)
at java.base/java.lang.reflect.Method.invoke(Method.java:568)
at org.testng.internal.MethodInvocationHelper.invokeMethod(MethodInvocationHelper.java:133)
at org.testng.internal.TestInvoker.invokeMethod(TestInvoker.java:598)
at org.testng.internal.TestInvoker.invokeTestMethod(TestInvoker.java:173)
at org.testng.internal.MethodRunner.runInSequence(MethodRunner.java:46)
at org.testng.internal.TestInvoker$MethodInvocationAgent.invoke(TestInvoker.java:824)
at org.testng.internal.TestInvoker.invokeTestMethods(TestInvoker.java:146)
at org.testng.internal.TestMethodWorker.invokeTestMethods(TestMethodWorker.java:146)
at org.testng.internal.TestMethodWorker.run(TestMethodWorker.java:128)
at java.base/java.util.ArrayList.forEach(ArrayList.java:1511)
at org.testng.TestRunner.privateRun(TestRunner.java:794)
at org.testng.TestRunner.run(TestRunner.java:596)
at org.testng.SuiteRunner.runTest(SuiteRunner.java:377)
at org.testng.SuiteRunner.runSequentially(SuiteRunner.java:371)
at org.testng.SuiteRunner.privateRun(SuiteRunner.java:332)
at org.testng.SuiteRunner.run(SuiteRunner.java:276)
at org.testng.SuiteRunnerWorker.runSuite(SuiteRunnerWorker.java:53)
at org.testng.SuiteRunnerWorker.run(SuiteRunnerWorker.java:96)
at org.testng.TestNG.runSuitesSequentially(TestNG.java:1212)
at org.testng.TestNG.runSuitesLocally(TestNG.java:1134)
at org.testng.TestNG.runSuites(TestNG.java:1063)
at org.testng.TestNG.run(TestNG.java:1031)
at org.testng.remote.AbstractRemoteTestNG.run(AbstractRemoteTestNG.java:115)
at org.testng.remote.RemoteTestNG.initAndRun(RemoteTestNG.java:251)
at org.testng.remote.RemoteTestNG.main(RemoteTestNG.java:77)
]]>
            </full-stacktrace>
          </exception> <!-- org.openqa.selenium.NoSuchElementException -->
          <reporter-output>
          </reporter-output>
        </test-method> <!-- select -->
        <test-method signature="username()[pri:0, instance:com.testng.annota.Adactin_testNg@53bf7094]" started-at="2022-11-20T01:17:37 IST" name="username" finished-at="2022-11-20T01:17:37 IST" duration-ms="168" status="PASS">
          <reporter-output>
          </reporter-output>
        </test-method> <!-- username -->
        <test-method signature="password()[pri:0, instance:com.testng.annota.Adactin_testNg@53bf7094]" started-at="2022-11-20T01:17:37 IST" name="password" finished-at="2022-11-20T01:17:38 IST" depends-on-methods="com.testng.annota.Adactin_testNg.username" duration-ms="1130" status="PASS">
          <reporter-output>
          </reporter-output>
        </test-method> <!-- password -->
      </class> <!-- com.testng.annota.Adactin_testNg -->
    </test> <!-- Default test -->
  </suite> <!-- Default suite -->
</testng-results>
